[2025-11-29T20:31:34.216+0200] {local_task_job_runner.py:120} INFO - ::group::Pre task execution logs
[2025-11-29T20:31:34.222+0200] {taskinstance.py:2076} INFO - Dependencies all met for dep_context=non-requeueable deps ti=<TaskInstance: weather_etl_two_file_version.transform_data manual__2025-11-29T18:31:29.128561+00:00 [queued]>
[2025-11-29T20:31:34.224+0200] {taskinstance.py:2076} INFO - Dependencies all met for dep_context=requeueable deps ti=<TaskInstance: weather_etl_two_file_version.transform_data manual__2025-11-29T18:31:29.128561+00:00 [queued]>
[2025-11-29T20:31:34.224+0200] {taskinstance.py:2306} INFO - Starting attempt 1 of 2
[2025-11-29T20:31:34.228+0200] {taskinstance.py:2330} INFO - Executing <Task(PythonOperator): transform_data> on 2025-11-29 18:31:29.128561+00:00
[2025-11-29T20:31:34.230+0200] {standard_task_runner.py:63} INFO - Started process 9606 to run task
[2025-11-29T20:31:34.233+0200] {standard_task_runner.py:90} INFO - Running: ['airflow', 'tasks', 'run', 'weather_etl_two_file_version', 'transform_data', 'manual__2025-11-29T18:31:29.128561+00:00', '--job-id', '75', '--raw', '--subdir', 'DAGS_FOLDER/airflow_dag_weather_etl.py', '--cfg-path', '/var/folders/zz/brhm15n96xd12sx6bmrb3clr0000gn/T/tmpmun9uvm_']
[2025-11-29T20:31:34.234+0200] {standard_task_runner.py:91} INFO - Job 75: Subtask transform_data
[2025-11-29T20:31:34.251+0200] {task_command.py:426} INFO - Running <TaskInstance: weather_etl_two_file_version.transform_data manual__2025-11-29T18:31:29.128561+00:00 [running]> on host hirushis-macbook-air.local
[2025-11-29T20:31:34.270+0200] {taskinstance.py:2648} INFO - Exporting env vars: AIRFLOW_CTX_DAG_OWNER='weather_team' AIRFLOW_CTX_DAG_ID='weather_etl_two_file_version' AIRFLOW_CTX_TASK_ID='transform_data' AIRFLOW_CTX_EXECUTION_DATE='2025-11-29T18:31:29.128561+00:00' AIRFLOW_CTX_TRY_NUMBER='1' AIRFLOW_CTX_DAG_RUN_ID='manual__2025-11-29T18:31:29.128561+00:00'
[2025-11-29T20:31:34.271+0200] {taskinstance.py:430} INFO - ::endgroup::
[2025-11-29T20:31:34.789+0200] {logging_mixin.py:188} WARNING - /Users/hirushipeiris/airflow_new/dags/etl_functions.py:85 FutureWarning: 'M' is deprecated and will be removed in a future version, please use 'ME' instead.
[2025-11-29T20:31:34.799+0200] {logging_mixin.py:188} WARNING - /Users/hirushipeiris/airflow_new/dags/etl_functions.py:86 UserWarning: Converting to PeriodArray/Index representation will drop timezone information.
[2025-11-29T20:31:34.801+0200] {logging_mixin.py:188} WARNING - /Users/hirushipeiris/airflow_new/dags/etl_functions.py:90 UserWarning: Converting to PeriodArray/Index representation will drop timezone information.
[2025-11-29T20:31:34.825+0200] {python.py:237} INFO - Done. Returned value was: None
[2025-11-29T20:31:34.825+0200] {taskinstance.py:441} INFO - ::group::Post task execution logs
[2025-11-29T20:31:34.827+0200] {taskinstance.py:1206} INFO - Marking task as SUCCESS. dag_id=weather_etl_two_file_version, task_id=transform_data, run_id=manual__2025-11-29T18:31:29.128561+00:00, execution_date=20251129T183129, start_date=20251129T183134, end_date=20251129T183134
[2025-11-29T20:31:34.875+0200] {local_task_job_runner.py:240} INFO - Task exited with return code 0
[2025-11-29T20:31:34.884+0200] {taskinstance.py:3498} INFO - 1 downstream tasks scheduled from follow-on schedule check
[2025-11-29T20:31:34.885+0200] {local_task_job_runner.py:222} INFO - ::endgroup::
