[2025-11-29T21:17:05.495+0200] {local_task_job_runner.py:120} INFO - ::group::Pre task execution logs
[2025-11-29T21:17:05.501+0200] {taskinstance.py:2076} INFO - Dependencies all met for dep_context=non-requeueable deps ti=<TaskInstance: weather_etl_two_file_version.load_monthly manual__2025-11-29T19:14:54.490467+00:00 [queued]>
[2025-11-29T21:17:05.503+0200] {taskinstance.py:2076} INFO - Dependencies all met for dep_context=requeueable deps ti=<TaskInstance: weather_etl_two_file_version.load_monthly manual__2025-11-29T19:14:54.490467+00:00 [queued]>
[2025-11-29T21:17:05.503+0200] {taskinstance.py:2306} INFO - Starting attempt 2 of 2
[2025-11-29T21:17:05.507+0200] {taskinstance.py:2330} INFO - Executing <Task(PythonOperator): load_monthly> on 2025-11-29 19:14:54.490467+00:00
[2025-11-29T21:17:05.509+0200] {standard_task_runner.py:63} INFO - Started process 26316 to run task
[2025-11-29T21:17:05.512+0200] {standard_task_runner.py:90} INFO - Running: ['airflow', 'tasks', 'run', 'weather_etl_two_file_version', 'load_monthly', 'manual__2025-11-29T19:14:54.490467+00:00', '--job-id', '89', '--raw', '--subdir', 'DAGS_FOLDER/airflow_dag_weather_etl.py', '--cfg-path', '/var/folders/zz/brhm15n96xd12sx6bmrb3clr0000gn/T/tmphsxb3q7i']
[2025-11-29T21:17:05.513+0200] {standard_task_runner.py:91} INFO - Job 89: Subtask load_monthly
[2025-11-29T21:17:05.527+0200] {task_command.py:426} INFO - Running <TaskInstance: weather_etl_two_file_version.load_monthly manual__2025-11-29T19:14:54.490467+00:00 [running]> on host hirushis-macbook-air.local
[2025-11-29T21:17:05.545+0200] {taskinstance.py:2648} INFO - Exporting env vars: AIRFLOW_CTX_DAG_OWNER='weather_team' AIRFLOW_CTX_DAG_ID='weather_etl_two_file_version' AIRFLOW_CTX_TASK_ID='load_monthly' AIRFLOW_CTX_EXECUTION_DATE='2025-11-29T19:14:54.490467+00:00' AIRFLOW_CTX_TRY_NUMBER='2' AIRFLOW_CTX_DAG_RUN_ID='manual__2025-11-29T19:14:54.490467+00:00'
[2025-11-29T21:17:05.545+0200] {taskinstance.py:430} INFO - ::endgroup::
[2025-11-29T21:17:05.553+0200] {logging_mixin.py:188} WARNING - /Users/hirushipeiris/airflow_new/dags/etl_functions.py:151 UserWarning: pandas only supports SQLAlchemy connectable (engine/connection) or database string URI or sqlite3 DBAPI2 connection. Other DBAPI2 objects are not tested. Please consider using SQLAlchemy.
[2025-11-29T21:17:05.553+0200] {taskinstance.py:441} INFO - ::group::Post task execution logs
[2025-11-29T21:17:05.554+0200] {taskinstance.py:2905} ERROR - Task failed with exception
Traceback (most recent call last):
  File "/Users/hirushipeiris/miniconda3/envs/airflow_env/lib/python3.9/site-packages/airflow/models/taskinstance.py", line 465, in _execute_task
    result = _execute_callable(context=context, **execute_callable_kwargs)
  File "/Users/hirushipeiris/miniconda3/envs/airflow_env/lib/python3.9/site-packages/airflow/models/taskinstance.py", line 432, in _execute_callable
    return execute_callable(context=context, **execute_callable_kwargs)
  File "/Users/hirushipeiris/miniconda3/envs/airflow_env/lib/python3.9/site-packages/airflow/models/baseoperator.py", line 400, in wrapper
    return func(self, *args, **kwargs)
  File "/Users/hirushipeiris/miniconda3/envs/airflow_env/lib/python3.9/site-packages/airflow/operators/python.py", line 235, in execute
    return_value = self.execute_callable()
  File "/Users/hirushipeiris/miniconda3/envs/airflow_env/lib/python3.9/site-packages/airflow/operators/python.py", line 252, in execute_callable
    return self.python_callable(*self.op_args, **self.op_kwargs)
  File "/Users/hirushipeiris/airflow_new/dags/airflow_dag_weather_etl.py", line 60, in run_load_monthly
    load_monthly(path)
  File "/Users/hirushipeiris/airflow_new/dags/etl_functions.py", line 151, in load_monthly
    df.to_sql(
  File "/Users/hirushipeiris/miniconda3/envs/airflow_env/lib/python3.9/site-packages/pandas/util/_decorators.py", line 333, in wrapper
    return func(*args, **kwargs)
  File "/Users/hirushipeiris/miniconda3/envs/airflow_env/lib/python3.9/site-packages/pandas/core/generic.py", line 3109, in to_sql
    return sql.to_sql(
  File "/Users/hirushipeiris/miniconda3/envs/airflow_env/lib/python3.9/site-packages/pandas/io/sql.py", line 844, in to_sql
    return pandas_sql.to_sql(
  File "/Users/hirushipeiris/miniconda3/envs/airflow_env/lib/python3.9/site-packages/pandas/io/sql.py", line 2840, in to_sql
    table.create()
  File "/Users/hirushipeiris/miniconda3/envs/airflow_env/lib/python3.9/site-packages/pandas/io/sql.py", line 986, in create
    if self.exists():
  File "/Users/hirushipeiris/miniconda3/envs/airflow_env/lib/python3.9/site-packages/pandas/io/sql.py", line 972, in exists
    return self.pd_sql.has_table(self.name, self.schema)
  File "/Users/hirushipeiris/miniconda3/envs/airflow_env/lib/python3.9/site-packages/pandas/io/sql.py", line 2855, in has_table
    return len(self.execute(query, [name]).fetchall()) > 0
  File "/Users/hirushipeiris/miniconda3/envs/airflow_env/lib/python3.9/site-packages/pandas/io/sql.py", line 2662, in execute
    cur = self.con.cursor()
AttributeError: 'Connection' object has no attribute 'cursor'
[2025-11-29T21:17:05.556+0200] {taskinstance.py:1206} INFO - Marking task as FAILED. dag_id=weather_etl_two_file_version, task_id=load_monthly, run_id=manual__2025-11-29T19:14:54.490467+00:00, execution_date=20251129T191454, start_date=20251129T191705, end_date=20251129T191705
[2025-11-29T21:17:05.559+0200] {standard_task_runner.py:110} ERROR - Failed to execute job 89 for task load_monthly ('Connection' object has no attribute 'cursor'; 26316)
[2025-11-29T21:17:05.574+0200] {local_task_job_runner.py:240} INFO - Task exited with return code 1
[2025-11-29T21:17:05.578+0200] {taskinstance.py:3498} INFO - 0 downstream tasks scheduled from follow-on schedule check
[2025-11-29T21:17:05.578+0200] {local_task_job_runner.py:222} INFO - ::endgroup::
