[2025-11-29T19:01:46.440+0200] {local_task_job_runner.py:120} INFO - ::group::Pre task execution logs
[2025-11-29T19:01:46.445+0200] {taskinstance.py:2076} INFO - Dependencies all met for dep_context=non-requeueable deps ti=<TaskInstance: weather_etl_two_file_version.transform_data manual__2025-11-29T16:59:37.050153+00:00 [queued]>
[2025-11-29T19:01:46.447+0200] {taskinstance.py:2076} INFO - Dependencies all met for dep_context=requeueable deps ti=<TaskInstance: weather_etl_two_file_version.transform_data manual__2025-11-29T16:59:37.050153+00:00 [queued]>
[2025-11-29T19:01:46.447+0200] {taskinstance.py:2306} INFO - Starting attempt 2 of 2
[2025-11-29T19:01:46.451+0200] {taskinstance.py:2330} INFO - Executing <Task(PythonOperator): transform_data> on 2025-11-29 16:59:37.050153+00:00
[2025-11-29T19:01:46.454+0200] {standard_task_runner.py:63} INFO - Started process 76653 to run task
[2025-11-29T19:01:46.459+0200] {standard_task_runner.py:90} INFO - Running: ['airflow', 'tasks', 'run', 'weather_etl_two_file_version', 'transform_data', 'manual__2025-11-29T16:59:37.050153+00:00', '--job-id', '39', '--raw', '--subdir', 'DAGS_FOLDER/airflow_dag_weather_etl.py', '--cfg-path', '/var/folders/zz/brhm15n96xd12sx6bmrb3clr0000gn/T/tmpwtrcvjwg']
[2025-11-29T19:01:46.463+0200] {standard_task_runner.py:91} INFO - Job 39: Subtask transform_data
[2025-11-29T19:01:46.479+0200] {task_command.py:426} INFO - Running <TaskInstance: weather_etl_two_file_version.transform_data manual__2025-11-29T16:59:37.050153+00:00 [running]> on host hirushis-macbook-air.local
[2025-11-29T19:01:46.500+0200] {taskinstance.py:2648} INFO - Exporting env vars: AIRFLOW_CTX_DAG_OWNER='weather_team' AIRFLOW_CTX_DAG_ID='weather_etl_two_file_version' AIRFLOW_CTX_TASK_ID='transform_data' AIRFLOW_CTX_EXECUTION_DATE='2025-11-29T16:59:37.050153+00:00' AIRFLOW_CTX_TRY_NUMBER='2' AIRFLOW_CTX_DAG_RUN_ID='manual__2025-11-29T16:59:37.050153+00:00'
[2025-11-29T19:01:46.500+0200] {taskinstance.py:430} INFO - ::endgroup::
[2025-11-29T19:01:47.026+0200] {logging_mixin.py:188} WARNING - /Users/hirushipeiris/airflow_new/dags/etl_functions.py:86 FutureWarning: 'M' is deprecated and will be removed in a future version, please use 'ME' instead.
[2025-11-29T19:01:47.044+0200] {logging_mixin.py:188} WARNING - /Users/hirushipeiris/airflow_new/dags/etl_functions.py:87 UserWarning: Converting to PeriodArray/Index representation will drop timezone information.
[2025-11-29T19:01:47.046+0200] {logging_mixin.py:188} WARNING - /Users/hirushipeiris/airflow_new/dags/etl_functions.py:91 UserWarning: Converting to PeriodArray/Index representation will drop timezone information.
[2025-11-29T19:01:47.063+0200] {taskinstance.py:441} INFO - ::group::Post task execution logs
[2025-11-29T19:01:47.063+0200] {taskinstance.py:2905} ERROR - Task failed with exception
Traceback (most recent call last):
  File "/Users/hirushipeiris/miniconda3/envs/airflow_env/lib/python3.9/site-packages/airflow/models/taskinstance.py", line 465, in _execute_task
    result = _execute_callable(context=context, **execute_callable_kwargs)
  File "/Users/hirushipeiris/miniconda3/envs/airflow_env/lib/python3.9/site-packages/airflow/models/taskinstance.py", line 432, in _execute_callable
    return execute_callable(context=context, **execute_callable_kwargs)
  File "/Users/hirushipeiris/miniconda3/envs/airflow_env/lib/python3.9/site-packages/airflow/models/baseoperator.py", line 400, in wrapper
    return func(self, *args, **kwargs)
  File "/Users/hirushipeiris/miniconda3/envs/airflow_env/lib/python3.9/site-packages/airflow/operators/python.py", line 235, in execute
    return_value = self.execute_callable()
  File "/Users/hirushipeiris/miniconda3/envs/airflow_env/lib/python3.9/site-packages/airflow/operators/python.py", line 252, in execute_callable
    return self.python_callable(*self.op_args, **self.op_kwargs)
  File "/Users/hirushipeiris/airflow_new/dags/airflow_dag_weather_etl.py", line 33, in run_transform
    daily, monthly = transform(csv)
  File "/Users/hirushipeiris/airflow_new/dags/etl_functions.py", line 95, in transform
    monthly = monthly.merge(
  File "/Users/hirushipeiris/miniconda3/envs/airflow_env/lib/python3.9/site-packages/pandas/core/frame.py", line 10859, in merge
    return merge(
  File "/Users/hirushipeiris/miniconda3/envs/airflow_env/lib/python3.9/site-packages/pandas/core/reshape/merge.py", line 170, in merge
    op = _MergeOperation(
  File "/Users/hirushipeiris/miniconda3/envs/airflow_env/lib/python3.9/site-packages/pandas/core/reshape/merge.py", line 807, in __init__
    self._maybe_coerce_merge_keys()
  File "/Users/hirushipeiris/miniconda3/envs/airflow_env/lib/python3.9/site-packages/pandas/core/reshape/merge.py", line 1515, in _maybe_coerce_merge_keys
    raise ValueError(msg)
ValueError: You are trying to merge on object and period[M] columns for key 'month'. If you wish to proceed you should use pd.concat
[2025-11-29T19:01:47.070+0200] {taskinstance.py:1206} INFO - Marking task as FAILED. dag_id=weather_etl_two_file_version, task_id=transform_data, run_id=manual__2025-11-29T16:59:37.050153+00:00, execution_date=20251129T165937, start_date=20251129T170146, end_date=20251129T170147
[2025-11-29T19:01:47.074+0200] {standard_task_runner.py:110} ERROR - Failed to execute job 39 for task transform_data (You are trying to merge on object and period[M] columns for key 'month'. If you wish to proceed you should use pd.concat; 76653)
[2025-11-29T19:01:47.094+0200] {local_task_job_runner.py:240} INFO - Task exited with return code 1
[2025-11-29T19:01:47.102+0200] {taskinstance.py:3498} INFO - 0 downstream tasks scheduled from follow-on schedule check
[2025-11-29T19:01:47.103+0200] {local_task_job_runner.py:222} INFO - ::endgroup::
