[2025-11-29T19:28:02.277+0200] {local_task_job_runner.py:120} INFO - ::group::Pre task execution logs
[2025-11-29T19:28:02.283+0200] {taskinstance.py:2076} INFO - Dependencies all met for dep_context=non-requeueable deps ti=<TaskInstance: weather_etl_two_file_version.transform_data manual__2025-11-29T17:25:56.782103+00:00 [queued]>
[2025-11-29T19:28:02.285+0200] {taskinstance.py:2076} INFO - Dependencies all met for dep_context=requeueable deps ti=<TaskInstance: weather_etl_two_file_version.transform_data manual__2025-11-29T17:25:56.782103+00:00 [queued]>
[2025-11-29T19:28:02.285+0200] {taskinstance.py:2306} INFO - Starting attempt 2 of 2
[2025-11-29T19:28:02.289+0200] {taskinstance.py:2330} INFO - Executing <Task(PythonOperator): transform_data> on 2025-11-29 17:25:56.782103+00:00
[2025-11-29T19:28:02.292+0200] {standard_task_runner.py:63} INFO - Started process 87175 to run task
[2025-11-29T19:28:02.295+0200] {standard_task_runner.py:90} INFO - Running: ['airflow', 'tasks', 'run', 'weather_etl_two_file_version', 'transform_data', 'manual__2025-11-29T17:25:56.782103+00:00', '--job-id', '53', '--raw', '--subdir', 'DAGS_FOLDER/airflow_dag_weather_etl.py', '--cfg-path', '/var/folders/zz/brhm15n96xd12sx6bmrb3clr0000gn/T/tmpyp0xb50s']
[2025-11-29T19:28:02.297+0200] {standard_task_runner.py:91} INFO - Job 53: Subtask transform_data
[2025-11-29T19:28:02.321+0200] {task_command.py:426} INFO - Running <TaskInstance: weather_etl_two_file_version.transform_data manual__2025-11-29T17:25:56.782103+00:00 [running]> on host hirushis-macbook-air.local
[2025-11-29T19:28:02.341+0200] {taskinstance.py:2648} INFO - Exporting env vars: AIRFLOW_CTX_DAG_OWNER='weather_team' AIRFLOW_CTX_DAG_ID='weather_etl_two_file_version' AIRFLOW_CTX_TASK_ID='transform_data' AIRFLOW_CTX_EXECUTION_DATE='2025-11-29T17:25:56.782103+00:00' AIRFLOW_CTX_TRY_NUMBER='2' AIRFLOW_CTX_DAG_RUN_ID='manual__2025-11-29T17:25:56.782103+00:00'
[2025-11-29T19:28:02.342+0200] {taskinstance.py:430} INFO - ::endgroup::
[2025-11-29T19:28:02.861+0200] {logging_mixin.py:188} WARNING - /Users/hirushipeiris/airflow_new/dags/etl_functions.py:78 FutureWarning: 'M' is deprecated and will be removed in a future version, please use 'ME' instead.
[2025-11-29T19:28:02.870+0200] {logging_mixin.py:188} WARNING - /Users/hirushipeiris/airflow_new/dags/etl_functions.py:79 UserWarning: Converting to PeriodArray/Index representation will drop timezone information.
[2025-11-29T19:28:02.871+0200] {logging_mixin.py:188} WARNING - /Users/hirushipeiris/airflow_new/dags/etl_functions.py:83 UserWarning: Converting to PeriodArray/Index representation will drop timezone information.
[2025-11-29T19:28:02.887+0200] {taskinstance.py:441} INFO - ::group::Post task execution logs
[2025-11-29T19:28:02.888+0200] {taskinstance.py:2905} ERROR - Task failed with exception
Traceback (most recent call last):
  File "/Users/hirushipeiris/miniconda3/envs/airflow_env/lib/python3.9/site-packages/airflow/models/taskinstance.py", line 465, in _execute_task
    result = _execute_callable(context=context, **execute_callable_kwargs)
  File "/Users/hirushipeiris/miniconda3/envs/airflow_env/lib/python3.9/site-packages/airflow/models/taskinstance.py", line 432, in _execute_callable
    return execute_callable(context=context, **execute_callable_kwargs)
  File "/Users/hirushipeiris/miniconda3/envs/airflow_env/lib/python3.9/site-packages/airflow/models/baseoperator.py", line 400, in wrapper
    return func(self, *args, **kwargs)
  File "/Users/hirushipeiris/miniconda3/envs/airflow_env/lib/python3.9/site-packages/airflow/operators/python.py", line 235, in execute
    return_value = self.execute_callable()
  File "/Users/hirushipeiris/miniconda3/envs/airflow_env/lib/python3.9/site-packages/airflow/operators/python.py", line 252, in execute_callable
    return self.python_callable(*self.op_args, **self.op_kwargs)
  File "/Users/hirushipeiris/airflow_new/dags/airflow_dag_weather_etl.py", line 33, in run_transform
    daily, monthly = transform(csv)
  File "/Users/hirushipeiris/airflow_new/dags/etl_functions.py", line 88, in transform
    monthly = monthly.merge(
  File "/Users/hirushipeiris/miniconda3/envs/airflow_env/lib/python3.9/site-packages/pandas/core/frame.py", line 10859, in merge
    return merge(
  File "/Users/hirushipeiris/miniconda3/envs/airflow_env/lib/python3.9/site-packages/pandas/core/reshape/merge.py", line 170, in merge
    op = _MergeOperation(
  File "/Users/hirushipeiris/miniconda3/envs/airflow_env/lib/python3.9/site-packages/pandas/core/reshape/merge.py", line 794, in __init__
    ) = self._get_merge_keys()
  File "/Users/hirushipeiris/miniconda3/envs/airflow_env/lib/python3.9/site-packages/pandas/core/reshape/merge.py", line 1298, in _get_merge_keys
    right_keys.append(right._get_label_or_level_values(rk))
  File "/Users/hirushipeiris/miniconda3/envs/airflow_env/lib/python3.9/site-packages/pandas/core/generic.py", line 1914, in _get_label_or_level_values
    raise KeyError(key)
KeyError: 'month'
[2025-11-29T19:28:02.896+0200] {taskinstance.py:1206} INFO - Marking task as FAILED. dag_id=weather_etl_two_file_version, task_id=transform_data, run_id=manual__2025-11-29T17:25:56.782103+00:00, execution_date=20251129T172556, start_date=20251129T172802, end_date=20251129T172802
[2025-11-29T19:28:02.900+0200] {standard_task_runner.py:110} ERROR - Failed to execute job 53 for task transform_data ('month'; 87175)
[2025-11-29T19:28:02.940+0200] {local_task_job_runner.py:240} INFO - Task exited with return code 1
[2025-11-29T19:28:02.948+0200] {taskinstance.py:3498} INFO - 0 downstream tasks scheduled from follow-on schedule check
[2025-11-29T19:28:02.949+0200] {local_task_job_runner.py:222} INFO - ::endgroup::
