[2025-11-29T19:07:42.188+0200] {local_task_job_runner.py:120} INFO - ::group::Pre task execution logs
[2025-11-29T19:07:42.193+0200] {taskinstance.py:2076} INFO - Dependencies all met for dep_context=non-requeueable deps ti=<TaskInstance: weather_etl_two_file_version.transform_data manual__2025-11-29T17:07:38.199877+00:00 [queued]>
[2025-11-29T19:07:42.195+0200] {taskinstance.py:2076} INFO - Dependencies all met for dep_context=requeueable deps ti=<TaskInstance: weather_etl_two_file_version.transform_data manual__2025-11-29T17:07:38.199877+00:00 [queued]>
[2025-11-29T19:07:42.195+0200] {taskinstance.py:2306} INFO - Starting attempt 1 of 2
[2025-11-29T19:07:42.199+0200] {taskinstance.py:2330} INFO - Executing <Task(PythonOperator): transform_data> on 2025-11-29 17:07:38.199877+00:00
[2025-11-29T19:07:42.202+0200] {standard_task_runner.py:63} INFO - Started process 79330 to run task
[2025-11-29T19:07:42.205+0200] {standard_task_runner.py:90} INFO - Running: ['airflow', 'tasks', 'run', 'weather_etl_two_file_version', 'transform_data', 'manual__2025-11-29T17:07:38.199877+00:00', '--job-id', '43', '--raw', '--subdir', 'DAGS_FOLDER/airflow_dag_weather_etl.py', '--cfg-path', '/var/folders/zz/brhm15n96xd12sx6bmrb3clr0000gn/T/tmpwek8qcnd']
[2025-11-29T19:07:42.205+0200] {standard_task_runner.py:91} INFO - Job 43: Subtask transform_data
[2025-11-29T19:07:42.227+0200] {task_command.py:426} INFO - Running <TaskInstance: weather_etl_two_file_version.transform_data manual__2025-11-29T17:07:38.199877+00:00 [running]> on host hirushis-macbook-air.local
[2025-11-29T19:07:42.246+0200] {taskinstance.py:2648} INFO - Exporting env vars: AIRFLOW_CTX_DAG_OWNER='weather_team' AIRFLOW_CTX_DAG_ID='weather_etl_two_file_version' AIRFLOW_CTX_TASK_ID='transform_data' AIRFLOW_CTX_EXECUTION_DATE='2025-11-29T17:07:38.199877+00:00' AIRFLOW_CTX_TRY_NUMBER='1' AIRFLOW_CTX_DAG_RUN_ID='manual__2025-11-29T17:07:38.199877+00:00'
[2025-11-29T19:07:42.247+0200] {taskinstance.py:430} INFO - ::endgroup::
[2025-11-29T19:07:42.756+0200] {logging_mixin.py:188} WARNING - /Users/hirushipeiris/airflow_new/dags/etl_functions.py:85 FutureWarning: 'M' is deprecated and will be removed in a future version, please use 'ME' instead.
[2025-11-29T19:07:42.767+0200] {logging_mixin.py:188} WARNING - /Users/hirushipeiris/airflow_new/dags/etl_functions.py:86 UserWarning: Converting to PeriodArray/Index representation will drop timezone information.
[2025-11-29T19:07:42.769+0200] {logging_mixin.py:188} WARNING - /Users/hirushipeiris/airflow_new/dags/etl_functions.py:90 UserWarning: Converting to PeriodArray/Index representation will drop timezone information.
[2025-11-29T19:07:42.803+0200] {python.py:237} INFO - Done. Returned value was: None
[2025-11-29T19:07:42.803+0200] {taskinstance.py:441} INFO - ::group::Post task execution logs
[2025-11-29T19:07:42.805+0200] {taskinstance.py:1206} INFO - Marking task as SUCCESS. dag_id=weather_etl_two_file_version, task_id=transform_data, run_id=manual__2025-11-29T17:07:38.199877+00:00, execution_date=20251129T170738, start_date=20251129T170742, end_date=20251129T170742
[2025-11-29T19:07:42.851+0200] {local_task_job_runner.py:240} INFO - Task exited with return code 0
[2025-11-29T19:07:42.860+0200] {taskinstance.py:3498} INFO - 1 downstream tasks scheduled from follow-on schedule check
[2025-11-29T19:07:42.862+0200] {local_task_job_runner.py:222} INFO - ::endgroup::
