[2025-11-29T18:41:40.714+0200] {local_task_job_runner.py:120} INFO - ::group::Pre task execution logs
[2025-11-29T18:41:40.725+0200] {taskinstance.py:2076} INFO - Dependencies all met for dep_context=non-requeueable deps ti=<TaskInstance: weather_etl_two_file_version.transform_data manual__2025-11-29T16:41:35.712002+00:00 [queued]>
[2025-11-29T18:41:40.728+0200] {taskinstance.py:2076} INFO - Dependencies all met for dep_context=requeueable deps ti=<TaskInstance: weather_etl_two_file_version.transform_data manual__2025-11-29T16:41:35.712002+00:00 [queued]>
[2025-11-29T18:41:40.728+0200] {taskinstance.py:2306} INFO - Starting attempt 1 of 2
[2025-11-29T18:41:40.735+0200] {taskinstance.py:2330} INFO - Executing <Task(PythonOperator): transform_data> on 2025-11-29 16:41:35.712002+00:00
[2025-11-29T18:41:40.738+0200] {standard_task_runner.py:63} INFO - Started process 67871 to run task
[2025-11-29T18:41:40.743+0200] {standard_task_runner.py:90} INFO - Running: ['airflow', 'tasks', 'run', 'weather_etl_two_file_version', 'transform_data', 'manual__2025-11-29T16:41:35.712002+00:00', '--job-id', '28', '--raw', '--subdir', 'DAGS_FOLDER/airflow_dag_weather_etl.py', '--cfg-path', '/var/folders/zz/brhm15n96xd12sx6bmrb3clr0000gn/T/tmpr196w3_5']
[2025-11-29T18:41:40.745+0200] {standard_task_runner.py:91} INFO - Job 28: Subtask transform_data
[2025-11-29T18:41:40.770+0200] {task_command.py:426} INFO - Running <TaskInstance: weather_etl_two_file_version.transform_data manual__2025-11-29T16:41:35.712002+00:00 [running]> on host hirushis-macbook-air.local
[2025-11-29T18:41:40.803+0200] {taskinstance.py:2648} INFO - Exporting env vars: AIRFLOW_CTX_DAG_OWNER='weather_team' AIRFLOW_CTX_DAG_ID='weather_etl_two_file_version' AIRFLOW_CTX_TASK_ID='transform_data' AIRFLOW_CTX_EXECUTION_DATE='2025-11-29T16:41:35.712002+00:00' AIRFLOW_CTX_TRY_NUMBER='1' AIRFLOW_CTX_DAG_RUN_ID='manual__2025-11-29T16:41:35.712002+00:00'
[2025-11-29T18:41:40.804+0200] {taskinstance.py:430} INFO - ::endgroup::
[2025-11-29T18:41:41.550+0200] {logging_mixin.py:188} WARNING - /Users/hirushipeiris/airflow_new/dags/etl_functions.py:80 FutureWarning: 'M' is deprecated and will be removed in a future version, please use 'ME' instead.
[2025-11-29T18:41:41.567+0200] {logging_mixin.py:188} WARNING - /Users/hirushipeiris/airflow_new/dags/etl_functions.py:81 UserWarning: Converting to PeriodArray/Index representation will drop timezone information.
[2025-11-29T18:41:41.569+0200] {logging_mixin.py:188} WARNING - /Users/hirushipeiris/airflow_new/dags/etl_functions.py:85 UserWarning: Converting to PeriodArray/Index representation will drop timezone information.
[2025-11-29T18:41:41.596+0200] {taskinstance.py:441} INFO - ::group::Post task execution logs
[2025-11-29T18:41:41.596+0200] {taskinstance.py:2905} ERROR - Task failed with exception
Traceback (most recent call last):
  File "/Users/hirushipeiris/miniconda3/envs/airflow_env/lib/python3.9/site-packages/airflow/models/taskinstance.py", line 465, in _execute_task
    result = _execute_callable(context=context, **execute_callable_kwargs)
  File "/Users/hirushipeiris/miniconda3/envs/airflow_env/lib/python3.9/site-packages/airflow/models/taskinstance.py", line 432, in _execute_callable
    return execute_callable(context=context, **execute_callable_kwargs)
  File "/Users/hirushipeiris/miniconda3/envs/airflow_env/lib/python3.9/site-packages/airflow/models/baseoperator.py", line 400, in wrapper
    return func(self, *args, **kwargs)
  File "/Users/hirushipeiris/miniconda3/envs/airflow_env/lib/python3.9/site-packages/airflow/operators/python.py", line 235, in execute
    return_value = self.execute_callable()
  File "/Users/hirushipeiris/miniconda3/envs/airflow_env/lib/python3.9/site-packages/airflow/operators/python.py", line 252, in execute_callable
    return self.python_callable(*self.op_args, **self.op_kwargs)
  File "/Users/hirushipeiris/airflow_new/dags/airflow_dag_weather_etl.py", line 33, in run_transform
    daily, monthly = transform(csv)
  File "/Users/hirushipeiris/airflow_new/dags/etl_functions.py", line 89, in transform
    monthly = monthly.merge(
  File "/Users/hirushipeiris/miniconda3/envs/airflow_env/lib/python3.9/site-packages/pandas/core/frame.py", line 10859, in merge
    return merge(
  File "/Users/hirushipeiris/miniconda3/envs/airflow_env/lib/python3.9/site-packages/pandas/core/reshape/merge.py", line 170, in merge
    op = _MergeOperation(
  File "/Users/hirushipeiris/miniconda3/envs/airflow_env/lib/python3.9/site-packages/pandas/core/reshape/merge.py", line 807, in __init__
    self._maybe_coerce_merge_keys()
  File "/Users/hirushipeiris/miniconda3/envs/airflow_env/lib/python3.9/site-packages/pandas/core/reshape/merge.py", line 1515, in _maybe_coerce_merge_keys
    raise ValueError(msg)
ValueError: You are trying to merge on object and period[M] columns for key 'month'. If you wish to proceed you should use pd.concat
[2025-11-29T18:41:41.604+0200] {taskinstance.py:1206} INFO - Marking task as UP_FOR_RETRY. dag_id=weather_etl_two_file_version, task_id=transform_data, run_id=manual__2025-11-29T16:41:35.712002+00:00, execution_date=20251129T164135, start_date=20251129T164140, end_date=20251129T164141
[2025-11-29T18:41:41.609+0200] {standard_task_runner.py:110} ERROR - Failed to execute job 28 for task transform_data (You are trying to merge on object and period[M] columns for key 'month'. If you wish to proceed you should use pd.concat; 67871)
[2025-11-29T18:41:41.644+0200] {local_task_job_runner.py:240} INFO - Task exited with return code 1
[2025-11-29T18:41:41.656+0200] {taskinstance.py:3498} INFO - 0 downstream tasks scheduled from follow-on schedule check
[2025-11-29T18:41:41.657+0200] {local_task_job_runner.py:222} INFO - ::endgroup::
